<?xml version="1.0" encoding="utf-8"?><testsuites name="pytest tests"><testsuite name="pytest" errors="0" failures="0" skipped="0" tests="14" time="2.153" timestamp="2026-07-01T18:38:39.507195+00:00" hostname="agent-env-4b079a8a-8e2e-4dfb-bfaa-bb6952d4bfbc"><testcase classname="backend.tests.test_tidyups_api.TestHealth" name="test_root" time="0.311" /><testcase classname="backend.tests.test_tidyups_api.TestHealth" name="test_services" time="0.156" /><testcase classname="backend.tests.test_tidyups_api.TestPin" name="test_verify_pin_success" time="0.114" /><testcase classname="backend.tests.test_tidyups_api.TestPin" name="test_verify_pin_wrong" time="0.147" /><testcase classname="backend.tests.test_tidyups_api.TestCreateLead" name="test_create_lead_returns_new_status" time="0.143" /><testcase classname="backend.tests.test_tidyups_api.TestCreateLead" name="test_create_lead_invalid_email" time="0.099" /><testcase classname="backend.tests.test_tidyups_api.TestListLeads" name="test_list_leads_no_pin" time="0.104" /><testcase classname="backend.tests.test_tidyups_api.TestListLeads" name="test_list_leads_wrong_pin" time="0.110" /><testcase classname="backend.tests.test_tidyups_api.TestListLeads" name="test_list_leads_ok" time="0.110" /><testcase classname="backend.tests.test_tidyups_api.TestUpdateStatus" name="test_update_status_requires_pin" time="0.141" /><testcase classname="backend.tests.test_tidyups_api.TestUpdateStatus" name="test_update_status_wrong_pin" time="0.144" /><testcase classname="backend.tests.test_tidyups_api.TestUpdateStatus" name="test_update_status_ok_and_persisted" time="0.254" /><testcase classname="backend.tests.test_tidyups_api.TestUpdateStatus" name="test_update_status_invalid_value" time="0.106" /><testcase classname="backend.tests.test_tidyups_api.TestUpdateStatus" name="test_update_status_not_found" time="0.139" /></testsuite></testsuites>